<?xml version="1.0" encoding="UTF-8"?>
<TestRun id="258c7a50-338f-4837-afdd-467a93d98e48" name="Evan@EVAN 2015-06-07 12:56:36" runUser="EVAN\Evan" xmlns="http://microsoft.com/schemas/VisualStudio/TeamTest/2010">
  <TestSettings name="Default Test Settings" id="eecb638e-f151-438e-9869-754938147439">
    <Execution>
      <TestTypeSpecific />
      <AgentRule name="Execution Agents">
      </AgentRule>
    </Execution>
    <Deployment runDeploymentRoot="Evan_EVAN 2015-06-07 12_56_36" />
  </TestSettings>
  <Times creation="2015-06-07T12:56:36.3546305-05:00" queuing="2015-06-07T12:56:37.0762692-05:00" start="2015-06-07T12:56:37.3086813-05:00" finish="2015-06-07T12:56:38.1999680-05:00" />
  <ResultSummary outcome="Completed">
    <Counters total="9" executed="9" passed="9" error="0" failed="0" timeout="0" aborted="0" inconclusive="0" passedButRunAborted="0" notRunnable="0" notExecuted="0" disconnected="0" warning="0" completed="0" inProgress="0" pending="0" />
  </ResultSummary>
  <TestDefinitions>
    <UnitTest name="IncorrectType" storage="foodietest\bin\release\foodietest.dll" id="99dc4097-16db-a526-9206-dc371500371c">
      <TestCategory>
        <TestCategoryItem TestCategory="MealTaker_Output()" />
      </TestCategory>
      <Execution id="df49f6f0-4f64-45bc-9b35-25bf89ce9c00" />
      <TestMethod codeBase="C:/Users/Evan/Documents/Visual Studio 2013/Projects/FoodieApp/FoodieTest/bin/release/FoodieTest.DLL" adapterTypeName="Microsoft.VisualStudio.TestTools.TestTypes.Unit.UnitTestAdapter, Microsoft.VisualStudio.QualityTools.Tips.UnitTest.Adapter, Version=11.0.0.0, Culture=neutral, PublicKeyToken=b03f5f7f11d50a3a" className="FoodieTest.FoodieTest, FoodieTest, Version=1.0.0.0, Culture=neutral, PublicKeyToken=null" name="IncorrectType" />
    </UnitTest>
    <UnitTest name="DontAllowEmptyInputs" storage="foodietest\bin\release\foodietest.dll" id="683b50d9-4360-d413-97ae-79ed9f92d701">
      <TestCategory>
        <TestCategoryItem TestCategory="MealTaker_Output()" />
      </TestCategory>
      <Execution id="a7e9f6fa-d409-4930-8990-a4f598c08a8b" />
      <TestMethod codeBase="C:/Users/Evan/Documents/Visual Studio 2013/Projects/FoodieApp/FoodieTest/bin/release/FoodieTest.DLL" adapterTypeName="Microsoft.VisualStudio.TestTools.TestTypes.Unit.UnitTestAdapter, Microsoft.VisualStudio.QualityTools.Tips.UnitTest.Adapter, Version=11.0.0.0, Culture=neutral, PublicKeyToken=b03f5f7f11d50a3a" className="FoodieTest.FoodieTest, FoodieTest, Version=1.0.0.0, Culture=neutral, PublicKeyToken=null" name="DontAllowEmptyInputs" />
    </UnitTest>
    <UnitTest name="IncorrectTypeOrder" storage="foodietest\bin\release\foodietest.dll" id="4fb52530-8cba-0482-8130-24c143437b37">
      <TestCategory>
        <TestCategoryItem TestCategory="MealTaker_Output()" />
      </TestCategory>
      <Execution id="e4394d0e-24bc-40f8-a760-982dcde47b59" />
      <TestMethod codeBase="C:/Users/Evan/Documents/Visual Studio 2013/Projects/FoodieApp/FoodieTest/bin/release/FoodieTest.DLL" adapterTypeName="Microsoft.VisualStudio.TestTools.TestTypes.Unit.UnitTestAdapter, Microsoft.VisualStudio.QualityTools.Tips.UnitTest.Adapter, Version=11.0.0.0, Culture=neutral, PublicKeyToken=b03f5f7f11d50a3a" className="FoodieTest.FoodieTest, FoodieTest, Version=1.0.0.0, Culture=neutral, PublicKeyToken=null" name="IncorrectTypeOrder" />
    </UnitTest>
    <UnitTest name="CorrectInput" storage="foodietest\bin\release\foodietest.dll" id="ded6f284-4480-5b0d-834e-a4c504187dcd">
      <TestCategory>
        <TestCategoryItem TestCategory="MealTaker_Output" />
      </TestCategory>
      <Execution id="b283ec19-3431-4835-b82c-3339166fa8de" />
      <TestMethod codeBase="C:/Users/Evan/Documents/Visual Studio 2013/Projects/FoodieApp/FoodieTest/bin/release/FoodieTest.DLL" adapterTypeName="Microsoft.VisualStudio.TestTools.TestTypes.Unit.UnitTestAdapter, Microsoft.VisualStudio.QualityTools.Tips.UnitTest.Adapter, Version=11.0.0.0, Culture=neutral, PublicKeyToken=b03f5f7f11d50a3a" className="FoodieTest.FoodieTest, FoodieTest, Version=1.0.0.0, Culture=neutral, PublicKeyToken=null" name="CorrectInput" />
    </UnitTest>
    <UnitTest name="WithAllowMultiples" storage="foodietest\bin\release\foodietest.dll" id="95d9e8cf-1bec-632c-42b8-6f01c17c572d">
      <TestCategory>
        <TestCategoryItem TestCategory="MealTaker_Output()" />
      </TestCategory>
      <Execution id="3acbd5e2-5757-4dee-9b85-35b14dd0c87d" />
      <TestMethod codeBase="C:/Users/Evan/Documents/Visual Studio 2013/Projects/FoodieApp/FoodieTest/bin/release/FoodieTest.DLL" adapterTypeName="Microsoft.VisualStudio.TestTools.TestTypes.Unit.UnitTestAdapter, Microsoft.VisualStudio.QualityTools.Tips.UnitTest.Adapter, Version=11.0.0.0, Culture=neutral, PublicKeyToken=b03f5f7f11d50a3a" className="FoodieTest.FoodieTest, FoodieTest, Version=1.0.0.0, Culture=neutral, PublicKeyToken=null" name="WithAllowMultiples" />
    </UnitTest>
    <UnitTest name="DishType_Error" storage="foodietest\bin\release\foodietest.dll" id="fa328eab-a785-69ed-c583-0f459320e557">
      <TestCategory>
        <TestCategoryItem TestCategory="Type_DishType" />
      </TestCategory>
      <Execution id="49f58d2f-0639-4110-a949-c6177420fc96" />
      <TestMethod codeBase="C:/Users/Evan/Documents/Visual Studio 2013/Projects/FoodieApp/FoodieTest/bin/release/FoodieTest.DLL" adapterTypeName="Microsoft.VisualStudio.TestTools.TestTypes.Unit.UnitTestAdapter, Microsoft.VisualStudio.QualityTools.Tips.UnitTest.Adapter, Version=11.0.0.0, Culture=neutral, PublicKeyToken=b03f5f7f11d50a3a" className="FoodieTest.FoodieTest, FoodieTest, Version=1.0.0.0, Culture=neutral, PublicKeyToken=null" name="DishType_Error" />
    </UnitTest>
    <UnitTest name="TimeOFDay_Error" storage="foodietest\bin\release\foodietest.dll" id="15ac8d36-a20a-6ded-46b9-3b6e706a57b5">
      <TestCategory>
        <TestCategoryItem TestCategory="Type_TimeOfDay" />
      </TestCategory>
      <Execution id="39a54cac-e549-4f39-8d50-fa0769a41c74" />
      <TestMethod codeBase="C:/Users/Evan/Documents/Visual Studio 2013/Projects/FoodieApp/FoodieTest/bin/release/FoodieTest.DLL" adapterTypeName="Microsoft.VisualStudio.TestTools.TestTypes.Unit.UnitTestAdapter, Microsoft.VisualStudio.QualityTools.Tips.UnitTest.Adapter, Version=11.0.0.0, Culture=neutral, PublicKeyToken=b03f5f7f11d50a3a" className="FoodieTest.FoodieTest, FoodieTest, Version=1.0.0.0, Culture=neutral, PublicKeyToken=null" name="TimeOFDay_Error" />
    </UnitTest>
    <UnitTest name="DontAllowMultiples" storage="foodietest\bin\release\foodietest.dll" id="d9152c5e-81be-9ff5-7786-edbac1150fbc">
      <TestCategory>
        <TestCategoryItem TestCategory="MealTaker_Output()" />
      </TestCategory>
      <Execution id="c1a0159b-c381-4a44-948b-f157a553d24d" />
      <TestMethod codeBase="C:/Users/Evan/Documents/Visual Studio 2013/Projects/FoodieApp/FoodieTest/bin/release/FoodieTest.DLL" adapterTypeName="Microsoft.VisualStudio.TestTools.TestTypes.Unit.UnitTestAdapter, Microsoft.VisualStudio.QualityTools.Tips.UnitTest.Adapter, Version=11.0.0.0, Culture=neutral, PublicKeyToken=b03f5f7f11d50a3a" className="FoodieTest.FoodieTest, FoodieTest, Version=1.0.0.0, Culture=neutral, PublicKeyToken=null" name="DontAllowMultiples" />
    </UnitTest>
    <UnitTest name="NoParameters" storage="foodietest\bin\release\foodietest.dll" id="64d07ee9-c2e5-32ac-944c-1c61c6de7e01">
      <TestCategory>
        <TestCategoryItem TestCategory="MealTaker_Output()" />
      </TestCategory>
      <Execution id="f9b076ce-dec9-4158-9df5-5e2558f76b86" />
      <TestMethod codeBase="C:/Users/Evan/Documents/Visual Studio 2013/Projects/FoodieApp/FoodieTest/bin/release/FoodieTest.DLL" adapterTypeName="Microsoft.VisualStudio.TestTools.TestTypes.Unit.UnitTestAdapter, Microsoft.VisualStudio.QualityTools.Tips.UnitTest.Adapter, Version=11.0.0.0, Culture=neutral, PublicKeyToken=b03f5f7f11d50a3a" className="FoodieTest.FoodieTest, FoodieTest, Version=1.0.0.0, Culture=neutral, PublicKeyToken=null" name="NoParameters" />
    </UnitTest>
  </TestDefinitions>
  <TestLists>
    <TestList name="Results Not in a List" id="8c84fa94-04c1-424b-9868-57a2d4851a1d" />
    <TestList name="All Loaded Results" id="19431567-8539-422a-85d7-44ee4e166bda" />
  </TestLists>
  <TestEntries>
    <TestEntry testId="ded6f284-4480-5b0d-834e-a4c504187dcd" executionId="b283ec19-3431-4835-b82c-3339166fa8de" testListId="8c84fa94-04c1-424b-9868-57a2d4851a1d" />
    <TestEntry testId="fa328eab-a785-69ed-c583-0f459320e557" executionId="49f58d2f-0639-4110-a949-c6177420fc96" testListId="8c84fa94-04c1-424b-9868-57a2d4851a1d" />
    <TestEntry testId="683b50d9-4360-d413-97ae-79ed9f92d701" executionId="a7e9f6fa-d409-4930-8990-a4f598c08a8b" testListId="8c84fa94-04c1-424b-9868-57a2d4851a1d" />
    <TestEntry testId="d9152c5e-81be-9ff5-7786-edbac1150fbc" executionId="c1a0159b-c381-4a44-948b-f157a553d24d" testListId="8c84fa94-04c1-424b-9868-57a2d4851a1d" />
    <TestEntry testId="99dc4097-16db-a526-9206-dc371500371c" executionId="df49f6f0-4f64-45bc-9b35-25bf89ce9c00" testListId="8c84fa94-04c1-424b-9868-57a2d4851a1d" />
    <TestEntry testId="4fb52530-8cba-0482-8130-24c143437b37" executionId="e4394d0e-24bc-40f8-a760-982dcde47b59" testListId="8c84fa94-04c1-424b-9868-57a2d4851a1d" />
    <TestEntry testId="64d07ee9-c2e5-32ac-944c-1c61c6de7e01" executionId="f9b076ce-dec9-4158-9df5-5e2558f76b86" testListId="8c84fa94-04c1-424b-9868-57a2d4851a1d" />
    <TestEntry testId="15ac8d36-a20a-6ded-46b9-3b6e706a57b5" executionId="39a54cac-e549-4f39-8d50-fa0769a41c74" testListId="8c84fa94-04c1-424b-9868-57a2d4851a1d" />
    <TestEntry testId="95d9e8cf-1bec-632c-42b8-6f01c17c572d" executionId="3acbd5e2-5757-4dee-9b85-35b14dd0c87d" testListId="8c84fa94-04c1-424b-9868-57a2d4851a1d" />
  </TestEntries>
  <Results>
    <UnitTestResult executionId="b283ec19-3431-4835-b82c-3339166fa8de" testId="ded6f284-4480-5b0d-834e-a4c504187dcd" testName="CorrectInput" computerName="EVAN" duration="00:00:00.0647325" startTime="2015-06-07T12:56:37.3587133-05:00" endTime="2015-06-07T12:56:37.9336289-05:00" testType="13cdc9d9-ddb5-4fa4-a97d-d965ccfc6d4b" outcome="Passed" testListId="8c84fa94-04c1-424b-9868-57a2d4851a1d" relativeResultsDirectory="b283ec19-3431-4835-b82c-3339166fa8de">
    </UnitTestResult>
    <UnitTestResult executionId="49f58d2f-0639-4110-a949-c6177420fc96" testId="fa328eab-a785-69ed-c583-0f459320e557" testName="DishType_Error" computerName="EVAN" duration="00:00:00.0011200" startTime="2015-06-07T12:56:37.9834681-05:00" endTime="2015-06-07T12:56:37.9834681-05:00" testType="13cdc9d9-ddb5-4fa4-a97d-d965ccfc6d4b" outcome="Passed" testListId="8c84fa94-04c1-424b-9868-57a2d4851a1d" relativeResultsDirectory="49f58d2f-0639-4110-a949-c6177420fc96">
    </UnitTestResult>
    <UnitTestResult executionId="a7e9f6fa-d409-4930-8990-a4f598c08a8b" testId="683b50d9-4360-d413-97ae-79ed9f92d701" testName="DontAllowEmptyInputs" computerName="EVAN" duration="00:00:00.0029658" startTime="2015-06-07T12:56:37.9965375-05:00" endTime="2015-06-07T12:56:37.9965375-05:00" testType="13cdc9d9-ddb5-4fa4-a97d-d965ccfc6d4b" outcome="Passed" testListId="8c84fa94-04c1-424b-9868-57a2d4851a1d" relativeResultsDirectory="a7e9f6fa-d409-4930-8990-a4f598c08a8b">
    </UnitTestResult>
    <UnitTestResult executionId="c1a0159b-c381-4a44-948b-f157a553d24d" testId="d9152c5e-81be-9ff5-7786-edbac1150fbc" testName="DontAllowMultiples" computerName="EVAN" duration="00:00:00.0020889" startTime="2015-06-07T12:56:38.0153004-05:00" endTime="2015-06-07T12:56:38.0265799-05:00" testType="13cdc9d9-ddb5-4fa4-a97d-d965ccfc6d4b" outcome="Passed" testListId="8c84fa94-04c1-424b-9868-57a2d4851a1d" relativeResultsDirectory="c1a0159b-c381-4a44-948b-f157a553d24d">
    </UnitTestResult>
    <UnitTestResult executionId="df49f6f0-4f64-45bc-9b35-25bf89ce9c00" testId="99dc4097-16db-a526-9206-dc371500371c" testName="IncorrectType" computerName="EVAN" duration="00:00:00.0011258" startTime="2015-06-07T12:56:38.0265799-05:00" endTime="2015-06-07T12:56:38.0265799-05:00" testType="13cdc9d9-ddb5-4fa4-a97d-d965ccfc6d4b" outcome="Passed" testListId="8c84fa94-04c1-424b-9868-57a2d4851a1d" relativeResultsDirectory="df49f6f0-4f64-45bc-9b35-25bf89ce9c00">
    </UnitTestResult>
    <UnitTestResult executionId="e4394d0e-24bc-40f8-a760-982dcde47b59" testId="4fb52530-8cba-0482-8130-24c143437b37" testName="IncorrectTypeOrder" computerName="EVAN" duration="00:00:00.0014375" startTime="2015-06-07T12:56:38.0465451-05:00" endTime="2015-06-07T12:56:38.0465451-05:00" testType="13cdc9d9-ddb5-4fa4-a97d-d965ccfc6d4b" outcome="Passed" testListId="8c84fa94-04c1-424b-9868-57a2d4851a1d" relativeResultsDirectory="e4394d0e-24bc-40f8-a760-982dcde47b59">
    </UnitTestResult>
    <UnitTestResult executionId="f9b076ce-dec9-4158-9df5-5e2558f76b86" testId="64d07ee9-c2e5-32ac-944c-1c61c6de7e01" testName="NoParameters" computerName="EVAN" duration="00:00:00.0011870" startTime="2015-06-07T12:56:38.0633243-05:00" endTime="2015-06-07T12:56:38.0754991-05:00" testType="13cdc9d9-ddb5-4fa4-a97d-d965ccfc6d4b" outcome="Passed" testListId="8c84fa94-04c1-424b-9868-57a2d4851a1d" relativeResultsDirectory="f9b076ce-dec9-4158-9df5-5e2558f76b86">
    </UnitTestResult>
    <UnitTestResult executionId="39a54cac-e549-4f39-8d50-fa0769a41c74" testId="15ac8d36-a20a-6ded-46b9-3b6e706a57b5" testName="TimeOFDay_Error" computerName="EVAN" duration="00:00:00.0085864" startTime="2015-06-07T12:56:38.0754991-05:00" endTime="2015-06-07T12:56:38.0909442-05:00" testType="13cdc9d9-ddb5-4fa4-a97d-d965ccfc6d4b" outcome="Passed" testListId="8c84fa94-04c1-424b-9868-57a2d4851a1d" relativeResultsDirectory="39a54cac-e549-4f39-8d50-fa0769a41c74">
    </UnitTestResult>
    <UnitTestResult executionId="3acbd5e2-5757-4dee-9b85-35b14dd0c87d" testId="95d9e8cf-1bec-632c-42b8-6f01c17c572d" testName="WithAllowMultiples" computerName="EVAN" duration="00:00:00.0042511" startTime="2015-06-07T12:56:38.1090633-05:00" endTime="2015-06-07T12:56:38.1205709-05:00" testType="13cdc9d9-ddb5-4fa4-a97d-d965ccfc6d4b" outcome="Passed" testListId="8c84fa94-04c1-424b-9868-57a2d4851a1d" relativeResultsDirectory="3acbd5e2-5757-4dee-9b85-35b14dd0c87d">
    </UnitTestResult>
  </Results>
</TestRun>