<?xml version="1.0" encoding="UTF-8"?>
<TestRun id="3b679a40-ecfa-4a7c-831e-56bb52d105d4" name="Evan@EVAN 2015-06-07 12:35:07" runUser="EVAN\Evan" xmlns="http://microsoft.com/schemas/VisualStudio/TeamTest/2010">
  <TestSettings name="Default Test Settings" id="f66ac743-07a8-46be-bc9f-62485a5ea910">
    <Execution>
      <TestTypeSpecific />
      <AgentRule name="Execution Agents">
      </AgentRule>
    </Execution>
    <Deployment runDeploymentRoot="Evan_EVAN 2015-06-07 12_35_07" />
  </TestSettings>
  <Times creation="2015-06-07T12:35:07.4019226-05:00" queuing="2015-06-07T12:35:08.0561207-05:00" start="2015-06-07T12:35:08.2925364-05:00" finish="2015-06-07T12:35:09.2604093-05:00" />
  <ResultSummary outcome="Completed">
    <Counters total="9" executed="9" passed="9" error="0" failed="0" timeout="0" aborted="0" inconclusive="0" passedButRunAborted="0" notRunnable="0" notExecuted="0" disconnected="0" warning="0" completed="0" inProgress="0" pending="0" />
  </ResultSummary>
  <TestDefinitions>
    <UnitTest name="IncorrectType" storage="foodietest\bin\release\foodietest.dll" id="99dc4097-16db-a526-9206-dc371500371c">
      <TestCategory>
        <TestCategoryItem TestCategory="MealTaker_Output()" />
      </TestCategory>
      <Execution id="d790d848-c287-4f57-84d2-12c404db0a6e" />
      <TestMethod codeBase="C:/Users/Evan/Documents/Visual Studio 2013/Projects/FoodieApp/FoodieTest/bin/release/FoodieTest.DLL" adapterTypeName="Microsoft.VisualStudio.TestTools.TestTypes.Unit.UnitTestAdapter, Microsoft.VisualStudio.QualityTools.Tips.UnitTest.Adapter, Version=11.0.0.0, Culture=neutral, PublicKeyToken=b03f5f7f11d50a3a" className="FoodieTest.FoodieTest, FoodieTest, Version=1.0.0.0, Culture=neutral, PublicKeyToken=null" name="IncorrectType" />
    </UnitTest>
    <UnitTest name="DontAllowEmptyInputs" storage="foodietest\bin\release\foodietest.dll" id="683b50d9-4360-d413-97ae-79ed9f92d701">
      <TestCategory>
        <TestCategoryItem TestCategory="MealTaker_Output()" />
      </TestCategory>
      <Execution id="d02e3221-a743-4e17-99fb-65b8c6cfb3e2" />
      <TestMethod codeBase="C:/Users/Evan/Documents/Visual Studio 2013/Projects/FoodieApp/FoodieTest/bin/release/FoodieTest.DLL" adapterTypeName="Microsoft.VisualStudio.TestTools.TestTypes.Unit.UnitTestAdapter, Microsoft.VisualStudio.QualityTools.Tips.UnitTest.Adapter, Version=11.0.0.0, Culture=neutral, PublicKeyToken=b03f5f7f11d50a3a" className="FoodieTest.FoodieTest, FoodieTest, Version=1.0.0.0, Culture=neutral, PublicKeyToken=null" name="DontAllowEmptyInputs" />
    </UnitTest>
    <UnitTest name="IncorrectTypeOrder" storage="foodietest\bin\release\foodietest.dll" id="4fb52530-8cba-0482-8130-24c143437b37">
      <TestCategory>
        <TestCategoryItem TestCategory="MealTaker_Output()" />
      </TestCategory>
      <Execution id="a4168897-1e9b-43e1-a3ba-ac726999b0ba" />
      <TestMethod codeBase="C:/Users/Evan/Documents/Visual Studio 2013/Projects/FoodieApp/FoodieTest/bin/release/FoodieTest.DLL" adapterTypeName="Microsoft.VisualStudio.TestTools.TestTypes.Unit.UnitTestAdapter, Microsoft.VisualStudio.QualityTools.Tips.UnitTest.Adapter, Version=11.0.0.0, Culture=neutral, PublicKeyToken=b03f5f7f11d50a3a" className="FoodieTest.FoodieTest, FoodieTest, Version=1.0.0.0, Culture=neutral, PublicKeyToken=null" name="IncorrectTypeOrder" />
    </UnitTest>
    <UnitTest name="CorrectInput" storage="foodietest\bin\release\foodietest.dll" id="ded6f284-4480-5b0d-834e-a4c504187dcd">
      <TestCategory>
        <TestCategoryItem TestCategory="MealTaker_Output" />
      </TestCategory>
      <Execution id="2c845f8b-e045-4729-b637-67a86a860c7a" />
      <TestMethod codeBase="C:/Users/Evan/Documents/Visual Studio 2013/Projects/FoodieApp/FoodieTest/bin/release/FoodieTest.DLL" adapterTypeName="Microsoft.VisualStudio.TestTools.TestTypes.Unit.UnitTestAdapter, Microsoft.VisualStudio.QualityTools.Tips.UnitTest.Adapter, Version=11.0.0.0, Culture=neutral, PublicKeyToken=b03f5f7f11d50a3a" className="FoodieTest.FoodieTest, FoodieTest, Version=1.0.0.0, Culture=neutral, PublicKeyToken=null" name="CorrectInput" />
    </UnitTest>
    <UnitTest name="WithAllowMultiples" storage="foodietest\bin\release\foodietest.dll" id="95d9e8cf-1bec-632c-42b8-6f01c17c572d">
      <TestCategory>
        <TestCategoryItem TestCategory="MealTaker_Output()" />
      </TestCategory>
      <Execution id="70c092a2-a8ba-40de-968b-e13dfff169c0" />
      <TestMethod codeBase="C:/Users/Evan/Documents/Visual Studio 2013/Projects/FoodieApp/FoodieTest/bin/release/FoodieTest.DLL" adapterTypeName="Microsoft.VisualStudio.TestTools.TestTypes.Unit.UnitTestAdapter, Microsoft.VisualStudio.QualityTools.Tips.UnitTest.Adapter, Version=11.0.0.0, Culture=neutral, PublicKeyToken=b03f5f7f11d50a3a" className="FoodieTest.FoodieTest, FoodieTest, Version=1.0.0.0, Culture=neutral, PublicKeyToken=null" name="WithAllowMultiples" />
    </UnitTest>
    <UnitTest name="DishType_Error" storage="foodietest\bin\release\foodietest.dll" id="fa328eab-a785-69ed-c583-0f459320e557">
      <TestCategory>
        <TestCategoryItem TestCategory="Type_DishType" />
      </TestCategory>
      <Execution id="34cf41c5-f605-4c80-a3be-3b0cb421baed" />
      <TestMethod codeBase="C:/Users/Evan/Documents/Visual Studio 2013/Projects/FoodieApp/FoodieTest/bin/release/FoodieTest.DLL" adapterTypeName="Microsoft.VisualStudio.TestTools.TestTypes.Unit.UnitTestAdapter, Microsoft.VisualStudio.QualityTools.Tips.UnitTest.Adapter, Version=11.0.0.0, Culture=neutral, PublicKeyToken=b03f5f7f11d50a3a" className="FoodieTest.FoodieTest, FoodieTest, Version=1.0.0.0, Culture=neutral, PublicKeyToken=null" name="DishType_Error" />
    </UnitTest>
    <UnitTest name="TimeOFDay_Error" storage="foodietest\bin\release\foodietest.dll" id="15ac8d36-a20a-6ded-46b9-3b6e706a57b5">
      <TestCategory>
        <TestCategoryItem TestCategory="Type_TimeOfDay" />
      </TestCategory>
      <Execution id="39327bdc-97b7-4dc3-a32e-6a4a3ce8e504" />
      <TestMethod codeBase="C:/Users/Evan/Documents/Visual Studio 2013/Projects/FoodieApp/FoodieTest/bin/release/FoodieTest.DLL" adapterTypeName="Microsoft.VisualStudio.TestTools.TestTypes.Unit.UnitTestAdapter, Microsoft.VisualStudio.QualityTools.Tips.UnitTest.Adapter, Version=11.0.0.0, Culture=neutral, PublicKeyToken=b03f5f7f11d50a3a" className="FoodieTest.FoodieTest, FoodieTest, Version=1.0.0.0, Culture=neutral, PublicKeyToken=null" name="TimeOFDay_Error" />
    </UnitTest>
    <UnitTest name="DontAllowMultiples" storage="foodietest\bin\release\foodietest.dll" id="d9152c5e-81be-9ff5-7786-edbac1150fbc">
      <TestCategory>
        <TestCategoryItem TestCategory="MealTaker_Output()" />
      </TestCategory>
      <Execution id="3fec1c8f-7650-4485-8287-e073f111b5f1" />
      <TestMethod codeBase="C:/Users/Evan/Documents/Visual Studio 2013/Projects/FoodieApp/FoodieTest/bin/release/FoodieTest.DLL" adapterTypeName="Microsoft.VisualStudio.TestTools.TestTypes.Unit.UnitTestAdapter, Microsoft.VisualStudio.QualityTools.Tips.UnitTest.Adapter, Version=11.0.0.0, Culture=neutral, PublicKeyToken=b03f5f7f11d50a3a" className="FoodieTest.FoodieTest, FoodieTest, Version=1.0.0.0, Culture=neutral, PublicKeyToken=null" name="DontAllowMultiples" />
    </UnitTest>
    <UnitTest name="NoParameters" storage="foodietest\bin\release\foodietest.dll" id="64d07ee9-c2e5-32ac-944c-1c61c6de7e01">
      <TestCategory>
        <TestCategoryItem TestCategory="MealTaker_Output()" />
      </TestCategory>
      <Execution id="e005602d-5169-4535-b27c-4bd9d5a49227" />
      <TestMethod codeBase="C:/Users/Evan/Documents/Visual Studio 2013/Projects/FoodieApp/FoodieTest/bin/release/FoodieTest.DLL" adapterTypeName="Microsoft.VisualStudio.TestTools.TestTypes.Unit.UnitTestAdapter, Microsoft.VisualStudio.QualityTools.Tips.UnitTest.Adapter, Version=11.0.0.0, Culture=neutral, PublicKeyToken=b03f5f7f11d50a3a" className="FoodieTest.FoodieTest, FoodieTest, Version=1.0.0.0, Culture=neutral, PublicKeyToken=null" name="NoParameters" />
    </UnitTest>
  </TestDefinitions>
  <TestLists>
    <TestList name="Results Not in a List" id="8c84fa94-04c1-424b-9868-57a2d4851a1d" />
    <TestList name="All Loaded Results" id="19431567-8539-422a-85d7-44ee4e166bda" />
  </TestLists>
  <TestEntries>
    <TestEntry testId="ded6f284-4480-5b0d-834e-a4c504187dcd" executionId="2c845f8b-e045-4729-b637-67a86a860c7a" testListId="8c84fa94-04c1-424b-9868-57a2d4851a1d" />
    <TestEntry testId="fa328eab-a785-69ed-c583-0f459320e557" executionId="34cf41c5-f605-4c80-a3be-3b0cb421baed" testListId="8c84fa94-04c1-424b-9868-57a2d4851a1d" />
    <TestEntry testId="683b50d9-4360-d413-97ae-79ed9f92d701" executionId="d02e3221-a743-4e17-99fb-65b8c6cfb3e2" testListId="8c84fa94-04c1-424b-9868-57a2d4851a1d" />
    <TestEntry testId="d9152c5e-81be-9ff5-7786-edbac1150fbc" executionId="3fec1c8f-7650-4485-8287-e073f111b5f1" testListId="8c84fa94-04c1-424b-9868-57a2d4851a1d" />
    <TestEntry testId="99dc4097-16db-a526-9206-dc371500371c" executionId="d790d848-c287-4f57-84d2-12c404db0a6e" testListId="8c84fa94-04c1-424b-9868-57a2d4851a1d" />
    <TestEntry testId="4fb52530-8cba-0482-8130-24c143437b37" executionId="a4168897-1e9b-43e1-a3ba-ac726999b0ba" testListId="8c84fa94-04c1-424b-9868-57a2d4851a1d" />
    <TestEntry testId="64d07ee9-c2e5-32ac-944c-1c61c6de7e01" executionId="e005602d-5169-4535-b27c-4bd9d5a49227" testListId="8c84fa94-04c1-424b-9868-57a2d4851a1d" />
    <TestEntry testId="15ac8d36-a20a-6ded-46b9-3b6e706a57b5" executionId="39327bdc-97b7-4dc3-a32e-6a4a3ce8e504" testListId="8c84fa94-04c1-424b-9868-57a2d4851a1d" />
    <TestEntry testId="95d9e8cf-1bec-632c-42b8-6f01c17c572d" executionId="70c092a2-a8ba-40de-968b-e13dfff169c0" testListId="8c84fa94-04c1-424b-9868-57a2d4851a1d" />
  </TestEntries>
  <Results>
    <UnitTestResult executionId="2c845f8b-e045-4729-b637-67a86a860c7a" testId="ded6f284-4480-5b0d-834e-a4c504187dcd" testName="CorrectInput" computerName="EVAN" duration="00:00:00.1247029" startTime="2015-06-07T12:35:08.4926967-05:00" endTime="2015-06-07T12:35:08.9799973-05:00" testType="13cdc9d9-ddb5-4fa4-a97d-d965ccfc6d4b" outcome="Passed" testListId="8c84fa94-04c1-424b-9868-57a2d4851a1d" relativeResultsDirectory="2c845f8b-e045-4729-b637-67a86a860c7a">
    </UnitTestResult>
    <UnitTestResult executionId="34cf41c5-f605-4c80-a3be-3b0cb421baed" testId="fa328eab-a785-69ed-c583-0f459320e557" testName="DishType_Error" computerName="EVAN" duration="00:00:00.0012729" startTime="2015-06-07T12:35:09.0408432-05:00" endTime="2015-06-07T12:35:09.0408432-05:00" testType="13cdc9d9-ddb5-4fa4-a97d-d965ccfc6d4b" outcome="Passed" testListId="8c84fa94-04c1-424b-9868-57a2d4851a1d" relativeResultsDirectory="34cf41c5-f605-4c80-a3be-3b0cb421baed">
    </UnitTestResult>
    <UnitTestResult executionId="d02e3221-a743-4e17-99fb-65b8c6cfb3e2" testId="683b50d9-4360-d413-97ae-79ed9f92d701" testName="DontAllowEmptyInputs" computerName="EVAN" duration="00:00:00.0029112" startTime="2015-06-07T12:35:09.0408432-05:00" endTime="2015-06-07T12:35:09.0581745-05:00" testType="13cdc9d9-ddb5-4fa4-a97d-d965ccfc6d4b" outcome="Passed" testListId="8c84fa94-04c1-424b-9868-57a2d4851a1d" relativeResultsDirectory="d02e3221-a743-4e17-99fb-65b8c6cfb3e2">
    </UnitTestResult>
    <UnitTestResult executionId="3fec1c8f-7650-4485-8287-e073f111b5f1" testId="d9152c5e-81be-9ff5-7786-edbac1150fbc" testName="DontAllowMultiples" computerName="EVAN" duration="00:00:00.0127368" startTime="2015-06-07T12:35:09.0709033-05:00" endTime="2015-06-07T12:35:09.1009091-05:00" testType="13cdc9d9-ddb5-4fa4-a97d-d965ccfc6d4b" outcome="Passed" testListId="8c84fa94-04c1-424b-9868-57a2d4851a1d" relativeResultsDirectory="3fec1c8f-7650-4485-8287-e073f111b5f1">
    </UnitTestResult>
    <UnitTestResult executionId="d790d848-c287-4f57-84d2-12c404db0a6e" testId="99dc4097-16db-a526-9206-dc371500371c" testName="IncorrectType" computerName="EVAN" startTime="2015-06-07T12:35:09.1009091-05:00" endTime="2015-06-07T12:35:09.1009091-05:00" testType="13cdc9d9-ddb5-4fa4-a97d-d965ccfc6d4b" outcome="Passed" testListId="8c84fa94-04c1-424b-9868-57a2d4851a1d" relativeResultsDirectory="d790d848-c287-4f57-84d2-12c404db0a6e">
    </UnitTestResult>
    <UnitTestResult executionId="a4168897-1e9b-43e1-a3ba-ac726999b0ba" testId="4fb52530-8cba-0482-8130-24c143437b37" testName="IncorrectTypeOrder" computerName="EVAN" duration="00:00:00.0024969" startTime="2015-06-07T12:35:09.1320070-05:00" endTime="2015-06-07T12:35:09.1320070-05:00" testType="13cdc9d9-ddb5-4fa4-a97d-d965ccfc6d4b" outcome="Passed" testListId="8c84fa94-04c1-424b-9868-57a2d4851a1d" relativeResultsDirectory="a4168897-1e9b-43e1-a3ba-ac726999b0ba">
    </UnitTestResult>
    <UnitTestResult executionId="e005602d-5169-4535-b27c-4bd9d5a49227" testId="64d07ee9-c2e5-32ac-944c-1c61c6de7e01" testName="NoParameters" computerName="EVAN" startTime="2015-06-07T12:35:09.1320070-05:00" endTime="2015-06-07T12:35:09.1320070-05:00" testType="13cdc9d9-ddb5-4fa4-a97d-d965ccfc6d4b" outcome="Passed" testListId="8c84fa94-04c1-424b-9868-57a2d4851a1d" relativeResultsDirectory="e005602d-5169-4535-b27c-4bd9d5a49227">
    </UnitTestResult>
    <UnitTestResult executionId="39327bdc-97b7-4dc3-a32e-6a4a3ce8e504" testId="15ac8d36-a20a-6ded-46b9-3b6e706a57b5" testName="TimeOFDay_Error" computerName="EVAN" duration="00:00:00.0100822" startTime="2015-06-07T12:35:09.1519365-05:00" endTime="2015-06-07T12:35:09.1680580-05:00" testType="13cdc9d9-ddb5-4fa4-a97d-d965ccfc6d4b" outcome="Passed" testListId="8c84fa94-04c1-424b-9868-57a2d4851a1d" relativeResultsDirectory="39327bdc-97b7-4dc3-a32e-6a4a3ce8e504">
    </UnitTestResult>
    <UnitTestResult executionId="70c092a2-a8ba-40de-968b-e13dfff169c0" testId="95d9e8cf-1bec-632c-42b8-6f01c17c572d" testName="WithAllowMultiples" computerName="EVAN" duration="00:00:00.0027492" startTime="2015-06-07T12:35:09.1680580-05:00" endTime="2015-06-07T12:35:09.1831851-05:00" testType="13cdc9d9-ddb5-4fa4-a97d-d965ccfc6d4b" outcome="Passed" testListId="8c84fa94-04c1-424b-9868-57a2d4851a1d" relativeResultsDirectory="70c092a2-a8ba-40de-968b-e13dfff169c0">
    </UnitTestResult>
  </Results>
</TestRun>