<?xml version="1.0" encoding="UTF-8"?>
<TestRun id="93a66ea8-0526-4fbe-8a01-a110b1f51d39" name="Evan@EVAN 2015-06-07 13:13:50" runUser="EVAN\Evan" xmlns="http://microsoft.com/schemas/VisualStudio/TeamTest/2010">
  <TestSettings name="Default Test Settings" id="4ec33e7c-6ac2-40a2-bbef-a923abadb584">
    <Execution>
      <TestTypeSpecific />
      <AgentRule name="Execution Agents">
      </AgentRule>
    </Execution>
    <Deployment runDeploymentRoot="Evan_EVAN 2015-06-07 13_13_50" />
  </TestSettings>
  <Times creation="2015-06-07T13:13:50.4395428-05:00" queuing="2015-06-07T13:13:51.4289989-05:00" start="2015-06-07T13:13:51.6596519-05:00" finish="2015-06-07T13:13:52.4902867-05:00" />
  <ResultSummary outcome="Completed">
    <Counters total="9" executed="9" passed="9" error="0" failed="0" timeout="0" aborted="0" inconclusive="0" passedButRunAborted="0" notRunnable="0" notExecuted="0" disconnected="0" warning="0" completed="0" inProgress="0" pending="0" />
  </ResultSummary>
  <TestDefinitions>
    <UnitTest name="IncorrectType" storage="foodietest\bin\release\foodietest.dll" id="99dc4097-16db-a526-9206-dc371500371c">
      <TestCategory>
        <TestCategoryItem TestCategory="MealTaker_Output()" />
      </TestCategory>
      <Execution id="81c9a53a-8410-4170-b240-e6dfa93005bf" />
      <TestMethod codeBase="C:/Users/Evan/Documents/Visual Studio 2013/Projects/FoodieApp/FoodieTest/bin/release/FoodieTest.DLL" adapterTypeName="Microsoft.VisualStudio.TestTools.TestTypes.Unit.UnitTestAdapter, Microsoft.VisualStudio.QualityTools.Tips.UnitTest.Adapter, Version=11.0.0.0, Culture=neutral, PublicKeyToken=b03f5f7f11d50a3a" className="FoodieTest.FoodieTest, FoodieTest, Version=1.0.0.0, Culture=neutral, PublicKeyToken=null" name="IncorrectType" />
    </UnitTest>
    <UnitTest name="DontAllowEmptyInputs" storage="foodietest\bin\release\foodietest.dll" id="683b50d9-4360-d413-97ae-79ed9f92d701">
      <TestCategory>
        <TestCategoryItem TestCategory="MealTaker_Output()" />
      </TestCategory>
      <Execution id="699920bd-932a-49fa-b0bf-ad1987f3017a" />
      <TestMethod codeBase="C:/Users/Evan/Documents/Visual Studio 2013/Projects/FoodieApp/FoodieTest/bin/release/FoodieTest.DLL" adapterTypeName="Microsoft.VisualStudio.TestTools.TestTypes.Unit.UnitTestAdapter, Microsoft.VisualStudio.QualityTools.Tips.UnitTest.Adapter, Version=11.0.0.0, Culture=neutral, PublicKeyToken=b03f5f7f11d50a3a" className="FoodieTest.FoodieTest, FoodieTest, Version=1.0.0.0, Culture=neutral, PublicKeyToken=null" name="DontAllowEmptyInputs" />
    </UnitTest>
    <UnitTest name="IncorrectTypeOrder" storage="foodietest\bin\release\foodietest.dll" id="4fb52530-8cba-0482-8130-24c143437b37">
      <TestCategory>
        <TestCategoryItem TestCategory="MealTaker_Output()" />
      </TestCategory>
      <Execution id="74f0aa31-2c3d-47e2-8eda-a2b8b936405f" />
      <TestMethod codeBase="C:/Users/Evan/Documents/Visual Studio 2013/Projects/FoodieApp/FoodieTest/bin/release/FoodieTest.DLL" adapterTypeName="Microsoft.VisualStudio.TestTools.TestTypes.Unit.UnitTestAdapter, Microsoft.VisualStudio.QualityTools.Tips.UnitTest.Adapter, Version=11.0.0.0, Culture=neutral, PublicKeyToken=b03f5f7f11d50a3a" className="FoodieTest.FoodieTest, FoodieTest, Version=1.0.0.0, Culture=neutral, PublicKeyToken=null" name="IncorrectTypeOrder" />
    </UnitTest>
    <UnitTest name="CorrectInput" storage="foodietest\bin\release\foodietest.dll" id="ded6f284-4480-5b0d-834e-a4c504187dcd">
      <TestCategory>
        <TestCategoryItem TestCategory="MealTaker_Output" />
      </TestCategory>
      <Execution id="72796916-9a99-45a2-9b83-953061d6ef64" />
      <TestMethod codeBase="C:/Users/Evan/Documents/Visual Studio 2013/Projects/FoodieApp/FoodieTest/bin/release/FoodieTest.DLL" adapterTypeName="Microsoft.VisualStudio.TestTools.TestTypes.Unit.UnitTestAdapter, Microsoft.VisualStudio.QualityTools.Tips.UnitTest.Adapter, Version=11.0.0.0, Culture=neutral, PublicKeyToken=b03f5f7f11d50a3a" className="FoodieTest.FoodieTest, FoodieTest, Version=1.0.0.0, Culture=neutral, PublicKeyToken=null" name="CorrectInput" />
    </UnitTest>
    <UnitTest name="WithAllowMultiples" storage="foodietest\bin\release\foodietest.dll" id="95d9e8cf-1bec-632c-42b8-6f01c17c572d">
      <TestCategory>
        <TestCategoryItem TestCategory="MealTaker_Output()" />
      </TestCategory>
      <Execution id="0d76faa4-66bb-47ec-a897-6fb75d1fe82e" />
      <TestMethod codeBase="C:/Users/Evan/Documents/Visual Studio 2013/Projects/FoodieApp/FoodieTest/bin/release/FoodieTest.DLL" adapterTypeName="Microsoft.VisualStudio.TestTools.TestTypes.Unit.UnitTestAdapter, Microsoft.VisualStudio.QualityTools.Tips.UnitTest.Adapter, Version=11.0.0.0, Culture=neutral, PublicKeyToken=b03f5f7f11d50a3a" className="FoodieTest.FoodieTest, FoodieTest, Version=1.0.0.0, Culture=neutral, PublicKeyToken=null" name="WithAllowMultiples" />
    </UnitTest>
    <UnitTest name="DishType_Error" storage="foodietest\bin\release\foodietest.dll" id="fa328eab-a785-69ed-c583-0f459320e557">
      <TestCategory>
        <TestCategoryItem TestCategory="Type_DishType" />
      </TestCategory>
      <Execution id="0caf4dce-7039-4629-b6c4-10579d0a0ed1" />
      <TestMethod codeBase="C:/Users/Evan/Documents/Visual Studio 2013/Projects/FoodieApp/FoodieTest/bin/release/FoodieTest.DLL" adapterTypeName="Microsoft.VisualStudio.TestTools.TestTypes.Unit.UnitTestAdapter, Microsoft.VisualStudio.QualityTools.Tips.UnitTest.Adapter, Version=11.0.0.0, Culture=neutral, PublicKeyToken=b03f5f7f11d50a3a" className="FoodieTest.FoodieTest, FoodieTest, Version=1.0.0.0, Culture=neutral, PublicKeyToken=null" name="DishType_Error" />
    </UnitTest>
    <UnitTest name="TimeOFDay_Error" storage="foodietest\bin\release\foodietest.dll" id="15ac8d36-a20a-6ded-46b9-3b6e706a57b5">
      <TestCategory>
        <TestCategoryItem TestCategory="Type_TimeOfDay" />
      </TestCategory>
      <Execution id="a2f184a1-919c-4ca6-b61f-c5f26c7cda0b" />
      <TestMethod codeBase="C:/Users/Evan/Documents/Visual Studio 2013/Projects/FoodieApp/FoodieTest/bin/release/FoodieTest.DLL" adapterTypeName="Microsoft.VisualStudio.TestTools.TestTypes.Unit.UnitTestAdapter, Microsoft.VisualStudio.QualityTools.Tips.UnitTest.Adapter, Version=11.0.0.0, Culture=neutral, PublicKeyToken=b03f5f7f11d50a3a" className="FoodieTest.FoodieTest, FoodieTest, Version=1.0.0.0, Culture=neutral, PublicKeyToken=null" name="TimeOFDay_Error" />
    </UnitTest>
    <UnitTest name="DontAllowMultiples" storage="foodietest\bin\release\foodietest.dll" id="d9152c5e-81be-9ff5-7786-edbac1150fbc">
      <TestCategory>
        <TestCategoryItem TestCategory="MealTaker_Output()" />
      </TestCategory>
      <Execution id="8d5f724b-b8a7-4397-8757-936c038119fa" />
      <TestMethod codeBase="C:/Users/Evan/Documents/Visual Studio 2013/Projects/FoodieApp/FoodieTest/bin/release/FoodieTest.DLL" adapterTypeName="Microsoft.VisualStudio.TestTools.TestTypes.Unit.UnitTestAdapter, Microsoft.VisualStudio.QualityTools.Tips.UnitTest.Adapter, Version=11.0.0.0, Culture=neutral, PublicKeyToken=b03f5f7f11d50a3a" className="FoodieTest.FoodieTest, FoodieTest, Version=1.0.0.0, Culture=neutral, PublicKeyToken=null" name="DontAllowMultiples" />
    </UnitTest>
    <UnitTest name="NoParameters" storage="foodietest\bin\release\foodietest.dll" id="64d07ee9-c2e5-32ac-944c-1c61c6de7e01">
      <TestCategory>
        <TestCategoryItem TestCategory="MealTaker_Output()" />
      </TestCategory>
      <Execution id="824c96b9-4789-4229-bdb2-25ca0ea3147e" />
      <TestMethod codeBase="C:/Users/Evan/Documents/Visual Studio 2013/Projects/FoodieApp/FoodieTest/bin/release/FoodieTest.DLL" adapterTypeName="Microsoft.VisualStudio.TestTools.TestTypes.Unit.UnitTestAdapter, Microsoft.VisualStudio.QualityTools.Tips.UnitTest.Adapter, Version=11.0.0.0, Culture=neutral, PublicKeyToken=b03f5f7f11d50a3a" className="FoodieTest.FoodieTest, FoodieTest, Version=1.0.0.0, Culture=neutral, PublicKeyToken=null" name="NoParameters" />
    </UnitTest>
  </TestDefinitions>
  <TestLists>
    <TestList name="Results Not in a List" id="8c84fa94-04c1-424b-9868-57a2d4851a1d" />
    <TestList name="All Loaded Results" id="19431567-8539-422a-85d7-44ee4e166bda" />
  </TestLists>
  <TestEntries>
    <TestEntry testId="ded6f284-4480-5b0d-834e-a4c504187dcd" executionId="72796916-9a99-45a2-9b83-953061d6ef64" testListId="8c84fa94-04c1-424b-9868-57a2d4851a1d" />
    <TestEntry testId="fa328eab-a785-69ed-c583-0f459320e557" executionId="0caf4dce-7039-4629-b6c4-10579d0a0ed1" testListId="8c84fa94-04c1-424b-9868-57a2d4851a1d" />
    <TestEntry testId="683b50d9-4360-d413-97ae-79ed9f92d701" executionId="699920bd-932a-49fa-b0bf-ad1987f3017a" testListId="8c84fa94-04c1-424b-9868-57a2d4851a1d" />
    <TestEntry testId="d9152c5e-81be-9ff5-7786-edbac1150fbc" executionId="8d5f724b-b8a7-4397-8757-936c038119fa" testListId="8c84fa94-04c1-424b-9868-57a2d4851a1d" />
    <TestEntry testId="99dc4097-16db-a526-9206-dc371500371c" executionId="81c9a53a-8410-4170-b240-e6dfa93005bf" testListId="8c84fa94-04c1-424b-9868-57a2d4851a1d" />
    <TestEntry testId="4fb52530-8cba-0482-8130-24c143437b37" executionId="74f0aa31-2c3d-47e2-8eda-a2b8b936405f" testListId="8c84fa94-04c1-424b-9868-57a2d4851a1d" />
    <TestEntry testId="64d07ee9-c2e5-32ac-944c-1c61c6de7e01" executionId="824c96b9-4789-4229-bdb2-25ca0ea3147e" testListId="8c84fa94-04c1-424b-9868-57a2d4851a1d" />
    <TestEntry testId="15ac8d36-a20a-6ded-46b9-3b6e706a57b5" executionId="a2f184a1-919c-4ca6-b61f-c5f26c7cda0b" testListId="8c84fa94-04c1-424b-9868-57a2d4851a1d" />
    <TestEntry testId="95d9e8cf-1bec-632c-42b8-6f01c17c572d" executionId="0d76faa4-66bb-47ec-a897-6fb75d1fe82e" testListId="8c84fa94-04c1-424b-9868-57a2d4851a1d" />
  </TestEntries>
  <Results>
    <UnitTestResult executionId="72796916-9a99-45a2-9b83-953061d6ef64" testId="ded6f284-4480-5b0d-834e-a4c504187dcd" testName="CorrectInput" computerName="EVAN" duration="00:00:00.0586029" startTime="2015-06-07T13:13:51.7269357-05:00" endTime="2015-06-07T13:13:52.2226050-05:00" testType="13cdc9d9-ddb5-4fa4-a97d-d965ccfc6d4b" outcome="Passed" testListId="8c84fa94-04c1-424b-9868-57a2d4851a1d" relativeResultsDirectory="72796916-9a99-45a2-9b83-953061d6ef64">
    </UnitTestResult>
    <UnitTestResult executionId="0caf4dce-7039-4629-b6c4-10579d0a0ed1" testId="fa328eab-a785-69ed-c583-0f459320e557" testName="DishType_Error" computerName="EVAN" duration="00:00:00.0003899" startTime="2015-06-07T13:13:52.2700773-05:00" endTime="2015-06-07T13:13:52.2700773-05:00" testType="13cdc9d9-ddb5-4fa4-a97d-d965ccfc6d4b" outcome="Passed" testListId="8c84fa94-04c1-424b-9868-57a2d4851a1d" relativeResultsDirectory="0caf4dce-7039-4629-b6c4-10579d0a0ed1">
    </UnitTestResult>
    <UnitTestResult executionId="699920bd-932a-49fa-b0bf-ad1987f3017a" testId="683b50d9-4360-d413-97ae-79ed9f92d701" testName="DontAllowEmptyInputs" computerName="EVAN" duration="00:00:00.0026060" startTime="2015-06-07T13:13:52.2866680-05:00" endTime="2015-06-07T13:13:52.3011972-05:00" testType="13cdc9d9-ddb5-4fa4-a97d-d965ccfc6d4b" outcome="Passed" testListId="8c84fa94-04c1-424b-9868-57a2d4851a1d" relativeResultsDirectory="699920bd-932a-49fa-b0bf-ad1987f3017a">
    </UnitTestResult>
    <UnitTestResult executionId="8d5f724b-b8a7-4397-8757-936c038119fa" testId="d9152c5e-81be-9ff5-7786-edbac1150fbc" testName="DontAllowMultiples" computerName="EVAN" duration="00:00:00.0021411" startTime="2015-06-07T13:13:52.3157086-05:00" endTime="2015-06-07T13:13:52.3157086-05:00" testType="13cdc9d9-ddb5-4fa4-a97d-d965ccfc6d4b" outcome="Passed" testListId="8c84fa94-04c1-424b-9868-57a2d4851a1d" relativeResultsDirectory="8d5f724b-b8a7-4397-8757-936c038119fa">
    </UnitTestResult>
    <UnitTestResult executionId="81c9a53a-8410-4170-b240-e6dfa93005bf" testId="99dc4097-16db-a526-9206-dc371500371c" testName="IncorrectType" computerName="EVAN" duration="00:00:00.0014089" startTime="2015-06-07T13:13:52.3157086-05:00" endTime="2015-06-07T13:13:52.3348509-05:00" testType="13cdc9d9-ddb5-4fa4-a97d-d965ccfc6d4b" outcome="Passed" testListId="8c84fa94-04c1-424b-9868-57a2d4851a1d" relativeResultsDirectory="81c9a53a-8410-4170-b240-e6dfa93005bf">
    </UnitTestResult>
    <UnitTestResult executionId="74f0aa31-2c3d-47e2-8eda-a2b8b936405f" testId="4fb52530-8cba-0482-8130-24c143437b37" testName="IncorrectTypeOrder" computerName="EVAN" duration="00:00:00.0038611" startTime="2015-06-07T13:13:52.3458327-05:00" endTime="2015-06-07T13:13:52.3458327-05:00" testType="13cdc9d9-ddb5-4fa4-a97d-d965ccfc6d4b" outcome="Passed" testListId="8c84fa94-04c1-424b-9868-57a2d4851a1d" relativeResultsDirectory="74f0aa31-2c3d-47e2-8eda-a2b8b936405f">
    </UnitTestResult>
    <UnitTestResult executionId="824c96b9-4789-4229-bdb2-25ca0ea3147e" testId="64d07ee9-c2e5-32ac-944c-1c61c6de7e01" testName="NoParameters" computerName="EVAN" duration="00:00:00.0002837" startTime="2015-06-07T13:13:52.3622393-05:00" endTime="2015-06-07T13:13:52.3622393-05:00" testType="13cdc9d9-ddb5-4fa4-a97d-d965ccfc6d4b" outcome="Passed" testListId="8c84fa94-04c1-424b-9868-57a2d4851a1d" relativeResultsDirectory="824c96b9-4789-4229-bdb2-25ca0ea3147e">
    </UnitTestResult>
    <UnitTestResult executionId="a2f184a1-919c-4ca6-b61f-c5f26c7cda0b" testId="15ac8d36-a20a-6ded-46b9-3b6e706a57b5" testName="TimeOFDay_Error" computerName="EVAN" duration="00:00:00.0020110" startTime="2015-06-07T13:13:52.3800307-05:00" endTime="2015-06-07T13:13:52.3800307-05:00" testType="13cdc9d9-ddb5-4fa4-a97d-d965ccfc6d4b" outcome="Passed" testListId="8c84fa94-04c1-424b-9868-57a2d4851a1d" relativeResultsDirectory="a2f184a1-919c-4ca6-b61f-c5f26c7cda0b">
    </UnitTestResult>
    <UnitTestResult executionId="0d76faa4-66bb-47ec-a897-6fb75d1fe82e" testId="95d9e8cf-1bec-632c-42b8-6f01c17c572d" testName="WithAllowMultiples" computerName="EVAN" duration="00:00:00.0025985" startTime="2015-06-07T13:13:52.3986856-05:00" endTime="2015-06-07T13:13:52.4108551-05:00" testType="13cdc9d9-ddb5-4fa4-a97d-d965ccfc6d4b" outcome="Passed" testListId="8c84fa94-04c1-424b-9868-57a2d4851a1d" relativeResultsDirectory="0d76faa4-66bb-47ec-a897-6fb75d1fe82e">
    </UnitTestResult>
  </Results>
</TestRun>