<?xml version="1.0" encoding="UTF-8"?>
<TestRun id="4d3109ca-6082-4c5d-8901-274500e887c4" name="Evan@EVAN 2015-06-07 13:02:00" runUser="EVAN\Evan" xmlns="http://microsoft.com/schemas/VisualStudio/TeamTest/2010">
  <TestSettings name="Default Test Settings" id="49f6f5c6-1a37-40f9-9e97-1cf1474fb419">
    <Execution>
      <TestTypeSpecific />
      <AgentRule name="Execution Agents">
      </AgentRule>
    </Execution>
    <Deployment runDeploymentRoot="Evan_EVAN 2015-06-07 13_02_00" />
  </TestSettings>
  <Times creation="2015-06-07T13:02:00.5585593-05:00" queuing="2015-06-07T13:02:01.2929406-05:00" start="2015-06-07T13:02:01.5273150-05:00" finish="2015-06-07T13:02:02.3721390-05:00" />
  <ResultSummary outcome="Completed">
    <Counters total="9" executed="9" passed="9" error="0" failed="0" timeout="0" aborted="0" inconclusive="0" passedButRunAborted="0" notRunnable="0" notExecuted="0" disconnected="0" warning="0" completed="0" inProgress="0" pending="0" />
  </ResultSummary>
  <TestDefinitions>
    <UnitTest name="IncorrectType" storage="foodietest\bin\release\foodietest.dll" id="99dc4097-16db-a526-9206-dc371500371c">
      <TestCategory>
        <TestCategoryItem TestCategory="MealTaker_Output()" />
      </TestCategory>
      <Execution id="7fbbb5bb-6bfb-437b-b8be-c23a8cf451b3" />
      <TestMethod codeBase="C:/Users/Evan/Documents/Visual Studio 2013/Projects/FoodieApp/FoodieTest/bin/release/FoodieTest.DLL" adapterTypeName="Microsoft.VisualStudio.TestTools.TestTypes.Unit.UnitTestAdapter, Microsoft.VisualStudio.QualityTools.Tips.UnitTest.Adapter, Version=11.0.0.0, Culture=neutral, PublicKeyToken=b03f5f7f11d50a3a" className="FoodieTest.FoodieTest, FoodieTest, Version=1.0.0.0, Culture=neutral, PublicKeyToken=null" name="IncorrectType" />
    </UnitTest>
    <UnitTest name="DontAllowEmptyInputs" storage="foodietest\bin\release\foodietest.dll" id="683b50d9-4360-d413-97ae-79ed9f92d701">
      <TestCategory>
        <TestCategoryItem TestCategory="MealTaker_Output()" />
      </TestCategory>
      <Execution id="9f96de77-04e5-4c5e-bd43-2935b8a604f0" />
      <TestMethod codeBase="C:/Users/Evan/Documents/Visual Studio 2013/Projects/FoodieApp/FoodieTest/bin/release/FoodieTest.DLL" adapterTypeName="Microsoft.VisualStudio.TestTools.TestTypes.Unit.UnitTestAdapter, Microsoft.VisualStudio.QualityTools.Tips.UnitTest.Adapter, Version=11.0.0.0, Culture=neutral, PublicKeyToken=b03f5f7f11d50a3a" className="FoodieTest.FoodieTest, FoodieTest, Version=1.0.0.0, Culture=neutral, PublicKeyToken=null" name="DontAllowEmptyInputs" />
    </UnitTest>
    <UnitTest name="IncorrectTypeOrder" storage="foodietest\bin\release\foodietest.dll" id="4fb52530-8cba-0482-8130-24c143437b37">
      <TestCategory>
        <TestCategoryItem TestCategory="MealTaker_Output()" />
      </TestCategory>
      <Execution id="80998d58-7634-40d8-b423-47c316e9eda6" />
      <TestMethod codeBase="C:/Users/Evan/Documents/Visual Studio 2013/Projects/FoodieApp/FoodieTest/bin/release/FoodieTest.DLL" adapterTypeName="Microsoft.VisualStudio.TestTools.TestTypes.Unit.UnitTestAdapter, Microsoft.VisualStudio.QualityTools.Tips.UnitTest.Adapter, Version=11.0.0.0, Culture=neutral, PublicKeyToken=b03f5f7f11d50a3a" className="FoodieTest.FoodieTest, FoodieTest, Version=1.0.0.0, Culture=neutral, PublicKeyToken=null" name="IncorrectTypeOrder" />
    </UnitTest>
    <UnitTest name="CorrectInput" storage="foodietest\bin\release\foodietest.dll" id="ded6f284-4480-5b0d-834e-a4c504187dcd">
      <TestCategory>
        <TestCategoryItem TestCategory="MealTaker_Output" />
      </TestCategory>
      <Execution id="10c2b00c-d701-4072-a4ec-143469912241" />
      <TestMethod codeBase="C:/Users/Evan/Documents/Visual Studio 2013/Projects/FoodieApp/FoodieTest/bin/release/FoodieTest.DLL" adapterTypeName="Microsoft.VisualStudio.TestTools.TestTypes.Unit.UnitTestAdapter, Microsoft.VisualStudio.QualityTools.Tips.UnitTest.Adapter, Version=11.0.0.0, Culture=neutral, PublicKeyToken=b03f5f7f11d50a3a" className="FoodieTest.FoodieTest, FoodieTest, Version=1.0.0.0, Culture=neutral, PublicKeyToken=null" name="CorrectInput" />
    </UnitTest>
    <UnitTest name="WithAllowMultiples" storage="foodietest\bin\release\foodietest.dll" id="95d9e8cf-1bec-632c-42b8-6f01c17c572d">
      <TestCategory>
        <TestCategoryItem TestCategory="MealTaker_Output()" />
      </TestCategory>
      <Execution id="821bb501-b644-4c44-858a-b6f345a5ac6a" />
      <TestMethod codeBase="C:/Users/Evan/Documents/Visual Studio 2013/Projects/FoodieApp/FoodieTest/bin/release/FoodieTest.DLL" adapterTypeName="Microsoft.VisualStudio.TestTools.TestTypes.Unit.UnitTestAdapter, Microsoft.VisualStudio.QualityTools.Tips.UnitTest.Adapter, Version=11.0.0.0, Culture=neutral, PublicKeyToken=b03f5f7f11d50a3a" className="FoodieTest.FoodieTest, FoodieTest, Version=1.0.0.0, Culture=neutral, PublicKeyToken=null" name="WithAllowMultiples" />
    </UnitTest>
    <UnitTest name="DishType_Error" storage="foodietest\bin\release\foodietest.dll" id="fa328eab-a785-69ed-c583-0f459320e557">
      <TestCategory>
        <TestCategoryItem TestCategory="Type_DishType" />
      </TestCategory>
      <Execution id="98ae1f4b-47d3-414f-be70-2e6254dbc010" />
      <TestMethod codeBase="C:/Users/Evan/Documents/Visual Studio 2013/Projects/FoodieApp/FoodieTest/bin/release/FoodieTest.DLL" adapterTypeName="Microsoft.VisualStudio.TestTools.TestTypes.Unit.UnitTestAdapter, Microsoft.VisualStudio.QualityTools.Tips.UnitTest.Adapter, Version=11.0.0.0, Culture=neutral, PublicKeyToken=b03f5f7f11d50a3a" className="FoodieTest.FoodieTest, FoodieTest, Version=1.0.0.0, Culture=neutral, PublicKeyToken=null" name="DishType_Error" />
    </UnitTest>
    <UnitTest name="TimeOFDay_Error" storage="foodietest\bin\release\foodietest.dll" id="15ac8d36-a20a-6ded-46b9-3b6e706a57b5">
      <TestCategory>
        <TestCategoryItem TestCategory="Type_TimeOfDay" />
      </TestCategory>
      <Execution id="7d01726a-b10c-4146-9e75-338b333a19e7" />
      <TestMethod codeBase="C:/Users/Evan/Documents/Visual Studio 2013/Projects/FoodieApp/FoodieTest/bin/release/FoodieTest.DLL" adapterTypeName="Microsoft.VisualStudio.TestTools.TestTypes.Unit.UnitTestAdapter, Microsoft.VisualStudio.QualityTools.Tips.UnitTest.Adapter, Version=11.0.0.0, Culture=neutral, PublicKeyToken=b03f5f7f11d50a3a" className="FoodieTest.FoodieTest, FoodieTest, Version=1.0.0.0, Culture=neutral, PublicKeyToken=null" name="TimeOFDay_Error" />
    </UnitTest>
    <UnitTest name="DontAllowMultiples" storage="foodietest\bin\release\foodietest.dll" id="d9152c5e-81be-9ff5-7786-edbac1150fbc">
      <TestCategory>
        <TestCategoryItem TestCategory="MealTaker_Output()" />
      </TestCategory>
      <Execution id="0744185b-2489-49c9-84b9-d3d32ac3deae" />
      <TestMethod codeBase="C:/Users/Evan/Documents/Visual Studio 2013/Projects/FoodieApp/FoodieTest/bin/release/FoodieTest.DLL" adapterTypeName="Microsoft.VisualStudio.TestTools.TestTypes.Unit.UnitTestAdapter, Microsoft.VisualStudio.QualityTools.Tips.UnitTest.Adapter, Version=11.0.0.0, Culture=neutral, PublicKeyToken=b03f5f7f11d50a3a" className="FoodieTest.FoodieTest, FoodieTest, Version=1.0.0.0, Culture=neutral, PublicKeyToken=null" name="DontAllowMultiples" />
    </UnitTest>
    <UnitTest name="NoParameters" storage="foodietest\bin\release\foodietest.dll" id="64d07ee9-c2e5-32ac-944c-1c61c6de7e01">
      <TestCategory>
        <TestCategoryItem TestCategory="MealTaker_Output()" />
      </TestCategory>
      <Execution id="1364c97a-482a-4213-9d49-1f0dfa6fb34b" />
      <TestMethod codeBase="C:/Users/Evan/Documents/Visual Studio 2013/Projects/FoodieApp/FoodieTest/bin/release/FoodieTest.DLL" adapterTypeName="Microsoft.VisualStudio.TestTools.TestTypes.Unit.UnitTestAdapter, Microsoft.VisualStudio.QualityTools.Tips.UnitTest.Adapter, Version=11.0.0.0, Culture=neutral, PublicKeyToken=b03f5f7f11d50a3a" className="FoodieTest.FoodieTest, FoodieTest, Version=1.0.0.0, Culture=neutral, PublicKeyToken=null" name="NoParameters" />
    </UnitTest>
  </TestDefinitions>
  <TestLists>
    <TestList name="Results Not in a List" id="8c84fa94-04c1-424b-9868-57a2d4851a1d" />
    <TestList name="All Loaded Results" id="19431567-8539-422a-85d7-44ee4e166bda" />
  </TestLists>
  <TestEntries>
    <TestEntry testId="ded6f284-4480-5b0d-834e-a4c504187dcd" executionId="10c2b00c-d701-4072-a4ec-143469912241" testListId="8c84fa94-04c1-424b-9868-57a2d4851a1d" />
    <TestEntry testId="fa328eab-a785-69ed-c583-0f459320e557" executionId="98ae1f4b-47d3-414f-be70-2e6254dbc010" testListId="8c84fa94-04c1-424b-9868-57a2d4851a1d" />
    <TestEntry testId="683b50d9-4360-d413-97ae-79ed9f92d701" executionId="9f96de77-04e5-4c5e-bd43-2935b8a604f0" testListId="8c84fa94-04c1-424b-9868-57a2d4851a1d" />
    <TestEntry testId="d9152c5e-81be-9ff5-7786-edbac1150fbc" executionId="0744185b-2489-49c9-84b9-d3d32ac3deae" testListId="8c84fa94-04c1-424b-9868-57a2d4851a1d" />
    <TestEntry testId="99dc4097-16db-a526-9206-dc371500371c" executionId="7fbbb5bb-6bfb-437b-b8be-c23a8cf451b3" testListId="8c84fa94-04c1-424b-9868-57a2d4851a1d" />
    <TestEntry testId="4fb52530-8cba-0482-8130-24c143437b37" executionId="80998d58-7634-40d8-b423-47c316e9eda6" testListId="8c84fa94-04c1-424b-9868-57a2d4851a1d" />
    <TestEntry testId="64d07ee9-c2e5-32ac-944c-1c61c6de7e01" executionId="1364c97a-482a-4213-9d49-1f0dfa6fb34b" testListId="8c84fa94-04c1-424b-9868-57a2d4851a1d" />
    <TestEntry testId="15ac8d36-a20a-6ded-46b9-3b6e706a57b5" executionId="7d01726a-b10c-4146-9e75-338b333a19e7" testListId="8c84fa94-04c1-424b-9868-57a2d4851a1d" />
    <TestEntry testId="95d9e8cf-1bec-632c-42b8-6f01c17c572d" executionId="821bb501-b644-4c44-858a-b6f345a5ac6a" testListId="8c84fa94-04c1-424b-9868-57a2d4851a1d" />
  </TestEntries>
  <Results>
    <UnitTestResult executionId="10c2b00c-d701-4072-a4ec-143469912241" testId="ded6f284-4480-5b0d-834e-a4c504187dcd" testName="CorrectInput" computerName="EVAN" duration="00:00:00.0644519" startTime="2015-06-07T13:02:01.5734454-05:00" endTime="2015-06-07T13:02:02.0893178-05:00" testType="13cdc9d9-ddb5-4fa4-a97d-d965ccfc6d4b" outcome="Passed" testListId="8c84fa94-04c1-424b-9868-57a2d4851a1d" relativeResultsDirectory="10c2b00c-d701-4072-a4ec-143469912241">
    </UnitTestResult>
    <UnitTestResult executionId="98ae1f4b-47d3-414f-be70-2e6254dbc010" testId="fa328eab-a785-69ed-c583-0f459320e557" testName="DishType_Error" computerName="EVAN" duration="00:00:00.0012157" startTime="2015-06-07T13:02:02.1211995-05:00" endTime="2015-06-07T13:02:02.1368452-05:00" testType="13cdc9d9-ddb5-4fa4-a97d-d965ccfc6d4b" outcome="Passed" testListId="8c84fa94-04c1-424b-9868-57a2d4851a1d" relativeResultsDirectory="98ae1f4b-47d3-414f-be70-2e6254dbc010">
    </UnitTestResult>
    <UnitTestResult executionId="9f96de77-04e5-4c5e-bd43-2935b8a604f0" testId="683b50d9-4360-d413-97ae-79ed9f92d701" testName="DontAllowEmptyInputs" computerName="EVAN" duration="00:00:00.0048772" startTime="2015-06-07T13:02:02.1368452-05:00" endTime="2015-06-07T13:02:02.1520297-05:00" testType="13cdc9d9-ddb5-4fa4-a97d-d965ccfc6d4b" outcome="Passed" testListId="8c84fa94-04c1-424b-9868-57a2d4851a1d" relativeResultsDirectory="9f96de77-04e5-4c5e-bd43-2935b8a604f0">
    </UnitTestResult>
    <UnitTestResult executionId="0744185b-2489-49c9-84b9-d3d32ac3deae" testId="d9152c5e-81be-9ff5-7786-edbac1150fbc" testName="DontAllowMultiples" computerName="EVAN" duration="00:00:00.0025672" startTime="2015-06-07T13:02:02.1520297-05:00" endTime="2015-06-07T13:02:02.1673516-05:00" testType="13cdc9d9-ddb5-4fa4-a97d-d965ccfc6d4b" outcome="Passed" testListId="8c84fa94-04c1-424b-9868-57a2d4851a1d" relativeResultsDirectory="0744185b-2489-49c9-84b9-d3d32ac3deae">
    </UnitTestResult>
    <UnitTestResult executionId="7fbbb5bb-6bfb-437b-b8be-c23a8cf451b3" testId="99dc4097-16db-a526-9206-dc371500371c" testName="IncorrectType" computerName="EVAN" duration="00:00:00.0013487" startTime="2015-06-07T13:02:02.1673516-05:00" endTime="2015-06-07T13:02:02.1832025-05:00" testType="13cdc9d9-ddb5-4fa4-a97d-d965ccfc6d4b" outcome="Passed" testListId="8c84fa94-04c1-424b-9868-57a2d4851a1d" relativeResultsDirectory="7fbbb5bb-6bfb-437b-b8be-c23a8cf451b3">
    </UnitTestResult>
    <UnitTestResult executionId="80998d58-7634-40d8-b423-47c316e9eda6" testId="4fb52530-8cba-0482-8130-24c143437b37" testName="IncorrectTypeOrder" computerName="EVAN" duration="00:00:00.0109918" startTime="2015-06-07T13:02:02.1832025-05:00" endTime="2015-06-07T13:02:02.1992173-05:00" testType="13cdc9d9-ddb5-4fa4-a97d-d965ccfc6d4b" outcome="Passed" testListId="8c84fa94-04c1-424b-9868-57a2d4851a1d" relativeResultsDirectory="80998d58-7634-40d8-b423-47c316e9eda6">
    </UnitTestResult>
    <UnitTestResult executionId="1364c97a-482a-4213-9d49-1f0dfa6fb34b" testId="64d07ee9-c2e5-32ac-944c-1c61c6de7e01" testName="NoParameters" computerName="EVAN" duration="00:00:00.0008264" startTime="2015-06-07T13:02:02.2148253-05:00" endTime="2015-06-07T13:02:02.2148253-05:00" testType="13cdc9d9-ddb5-4fa4-a97d-d965ccfc6d4b" outcome="Passed" testListId="8c84fa94-04c1-424b-9868-57a2d4851a1d" relativeResultsDirectory="1364c97a-482a-4213-9d49-1f0dfa6fb34b">
    </UnitTestResult>
    <UnitTestResult executionId="7d01726a-b10c-4146-9e75-338b333a19e7" testId="15ac8d36-a20a-6ded-46b9-3b6e706a57b5" testName="TimeOFDay_Error" computerName="EVAN" duration="00:00:00.0048704" startTime="2015-06-07T13:02:02.2308484-05:00" endTime="2015-06-07T13:02:02.2308484-05:00" testType="13cdc9d9-ddb5-4fa4-a97d-d965ccfc6d4b" outcome="Passed" testListId="8c84fa94-04c1-424b-9868-57a2d4851a1d" relativeResultsDirectory="7d01726a-b10c-4146-9e75-338b333a19e7">
    </UnitTestResult>
    <UnitTestResult executionId="821bb501-b644-4c44-858a-b6f345a5ac6a" testId="95d9e8cf-1bec-632c-42b8-6f01c17c572d" testName="WithAllowMultiples" computerName="EVAN" duration="00:00:00.0080353" startTime="2015-06-07T13:02:02.2462195-05:00" endTime="2015-06-07T13:02:02.2618569-05:00" testType="13cdc9d9-ddb5-4fa4-a97d-d965ccfc6d4b" outcome="Passed" testListId="8c84fa94-04c1-424b-9868-57a2d4851a1d" relativeResultsDirectory="821bb501-b644-4c44-858a-b6f345a5ac6a">
    </UnitTestResult>
  </Results>
</TestRun>