<?xml version="1.0" encoding="UTF-8"?>
<TestRun id="b33f386a-a0c7-4251-8d11-70db41ddb852" name="Evan@EVAN 2015-06-07 12:31:06" runUser="EVAN\Evan" xmlns="http://microsoft.com/schemas/VisualStudio/TeamTest/2010">
  <TestSettings name="Default Test Settings" id="5c2066bd-1fe3-4c5f-8592-a8f925368b68">
    <Execution>
      <TestTypeSpecific />
      <AgentRule name="Execution Agents">
      </AgentRule>
    </Execution>
    <Deployment runDeploymentRoot="Evan_EVAN 2015-06-07 12_31_06" />
  </TestSettings>
  <Times creation="2015-06-07T12:31:06.3846463-05:00" queuing="2015-06-07T12:31:07.4490045-05:00" start="2015-06-07T12:31:07.7301100-05:00" finish="2015-06-07T12:31:08.6825962-05:00" />
  <ResultSummary outcome="Completed">
    <Counters total="9" executed="9" passed="9" error="0" failed="0" timeout="0" aborted="0" inconclusive="0" passedButRunAborted="0" notRunnable="0" notExecuted="0" disconnected="0" warning="0" completed="0" inProgress="0" pending="0" />
  </ResultSummary>
  <TestDefinitions>
    <UnitTest name="IncorrectType" storage="foodietest\bin\release\foodietest.dll" id="99dc4097-16db-a526-9206-dc371500371c">
      <TestCategory>
        <TestCategoryItem TestCategory="MealTaker_Output()" />
      </TestCategory>
      <Execution id="15e1feb0-4e64-4a53-86ab-6c5a7e29b3c7" />
      <TestMethod codeBase="C:/Users/Evan/Documents/Visual Studio 2013/Projects/FoodieApp/FoodieTest/bin/release/FoodieTest.DLL" adapterTypeName="Microsoft.VisualStudio.TestTools.TestTypes.Unit.UnitTestAdapter, Microsoft.VisualStudio.QualityTools.Tips.UnitTest.Adapter, Version=11.0.0.0, Culture=neutral, PublicKeyToken=b03f5f7f11d50a3a" className="FoodieTest.FoodieTest, FoodieTest, Version=1.0.0.0, Culture=neutral, PublicKeyToken=null" name="IncorrectType" />
    </UnitTest>
    <UnitTest name="DontAllowEmptyInputs" storage="foodietest\bin\release\foodietest.dll" id="683b50d9-4360-d413-97ae-79ed9f92d701">
      <TestCategory>
        <TestCategoryItem TestCategory="MealTaker_Output()" />
      </TestCategory>
      <Execution id="ae3a84a0-2116-466d-8d38-96d479a518a3" />
      <TestMethod codeBase="C:/Users/Evan/Documents/Visual Studio 2013/Projects/FoodieApp/FoodieTest/bin/release/FoodieTest.DLL" adapterTypeName="Microsoft.VisualStudio.TestTools.TestTypes.Unit.UnitTestAdapter, Microsoft.VisualStudio.QualityTools.Tips.UnitTest.Adapter, Version=11.0.0.0, Culture=neutral, PublicKeyToken=b03f5f7f11d50a3a" className="FoodieTest.FoodieTest, FoodieTest, Version=1.0.0.0, Culture=neutral, PublicKeyToken=null" name="DontAllowEmptyInputs" />
    </UnitTest>
    <UnitTest name="IncorrectTypeOrder" storage="foodietest\bin\release\foodietest.dll" id="4fb52530-8cba-0482-8130-24c143437b37">
      <TestCategory>
        <TestCategoryItem TestCategory="MealTaker_Output()" />
      </TestCategory>
      <Execution id="c3a85dcb-62d6-4546-9d75-9c731b80eaa3" />
      <TestMethod codeBase="C:/Users/Evan/Documents/Visual Studio 2013/Projects/FoodieApp/FoodieTest/bin/release/FoodieTest.DLL" adapterTypeName="Microsoft.VisualStudio.TestTools.TestTypes.Unit.UnitTestAdapter, Microsoft.VisualStudio.QualityTools.Tips.UnitTest.Adapter, Version=11.0.0.0, Culture=neutral, PublicKeyToken=b03f5f7f11d50a3a" className="FoodieTest.FoodieTest, FoodieTest, Version=1.0.0.0, Culture=neutral, PublicKeyToken=null" name="IncorrectTypeOrder" />
    </UnitTest>
    <UnitTest name="CorrectInput" storage="foodietest\bin\release\foodietest.dll" id="ded6f284-4480-5b0d-834e-a4c504187dcd">
      <TestCategory>
        <TestCategoryItem TestCategory="MealTaker_Output" />
      </TestCategory>
      <Execution id="64054b62-624e-49a9-af46-df0c42331f23" />
      <TestMethod codeBase="C:/Users/Evan/Documents/Visual Studio 2013/Projects/FoodieApp/FoodieTest/bin/release/FoodieTest.DLL" adapterTypeName="Microsoft.VisualStudio.TestTools.TestTypes.Unit.UnitTestAdapter, Microsoft.VisualStudio.QualityTools.Tips.UnitTest.Adapter, Version=11.0.0.0, Culture=neutral, PublicKeyToken=b03f5f7f11d50a3a" className="FoodieTest.FoodieTest, FoodieTest, Version=1.0.0.0, Culture=neutral, PublicKeyToken=null" name="CorrectInput" />
    </UnitTest>
    <UnitTest name="WithAllowMultiples" storage="foodietest\bin\release\foodietest.dll" id="95d9e8cf-1bec-632c-42b8-6f01c17c572d">
      <TestCategory>
        <TestCategoryItem TestCategory="MealTaker_Output()" />
      </TestCategory>
      <Execution id="f9114d62-743a-4d3e-a544-28e9cc5fe82e" />
      <TestMethod codeBase="C:/Users/Evan/Documents/Visual Studio 2013/Projects/FoodieApp/FoodieTest/bin/release/FoodieTest.DLL" adapterTypeName="Microsoft.VisualStudio.TestTools.TestTypes.Unit.UnitTestAdapter, Microsoft.VisualStudio.QualityTools.Tips.UnitTest.Adapter, Version=11.0.0.0, Culture=neutral, PublicKeyToken=b03f5f7f11d50a3a" className="FoodieTest.FoodieTest, FoodieTest, Version=1.0.0.0, Culture=neutral, PublicKeyToken=null" name="WithAllowMultiples" />
    </UnitTest>
    <UnitTest name="DishType_Error" storage="foodietest\bin\release\foodietest.dll" id="fa328eab-a785-69ed-c583-0f459320e557">
      <TestCategory>
        <TestCategoryItem TestCategory="Type_DishType" />
      </TestCategory>
      <Execution id="a58ac90d-59f1-42b7-b021-3f726703aaea" />
      <TestMethod codeBase="C:/Users/Evan/Documents/Visual Studio 2013/Projects/FoodieApp/FoodieTest/bin/release/FoodieTest.DLL" adapterTypeName="Microsoft.VisualStudio.TestTools.TestTypes.Unit.UnitTestAdapter, Microsoft.VisualStudio.QualityTools.Tips.UnitTest.Adapter, Version=11.0.0.0, Culture=neutral, PublicKeyToken=b03f5f7f11d50a3a" className="FoodieTest.FoodieTest, FoodieTest, Version=1.0.0.0, Culture=neutral, PublicKeyToken=null" name="DishType_Error" />
    </UnitTest>
    <UnitTest name="TimeOFDay_Error" storage="foodietest\bin\release\foodietest.dll" id="15ac8d36-a20a-6ded-46b9-3b6e706a57b5">
      <TestCategory>
        <TestCategoryItem TestCategory="Type_TimeOfDay" />
      </TestCategory>
      <Execution id="4f8d8ac6-eb0e-45a8-8e9d-4333b2746d17" />
      <TestMethod codeBase="C:/Users/Evan/Documents/Visual Studio 2013/Projects/FoodieApp/FoodieTest/bin/release/FoodieTest.DLL" adapterTypeName="Microsoft.VisualStudio.TestTools.TestTypes.Unit.UnitTestAdapter, Microsoft.VisualStudio.QualityTools.Tips.UnitTest.Adapter, Version=11.0.0.0, Culture=neutral, PublicKeyToken=b03f5f7f11d50a3a" className="FoodieTest.FoodieTest, FoodieTest, Version=1.0.0.0, Culture=neutral, PublicKeyToken=null" name="TimeOFDay_Error" />
    </UnitTest>
    <UnitTest name="DontAllowMultiples" storage="foodietest\bin\release\foodietest.dll" id="d9152c5e-81be-9ff5-7786-edbac1150fbc">
      <TestCategory>
        <TestCategoryItem TestCategory="MealTaker_Output()" />
      </TestCategory>
      <Execution id="352c3e71-3f60-4fb1-8676-838c9af9720e" />
      <TestMethod codeBase="C:/Users/Evan/Documents/Visual Studio 2013/Projects/FoodieApp/FoodieTest/bin/release/FoodieTest.DLL" adapterTypeName="Microsoft.VisualStudio.TestTools.TestTypes.Unit.UnitTestAdapter, Microsoft.VisualStudio.QualityTools.Tips.UnitTest.Adapter, Version=11.0.0.0, Culture=neutral, PublicKeyToken=b03f5f7f11d50a3a" className="FoodieTest.FoodieTest, FoodieTest, Version=1.0.0.0, Culture=neutral, PublicKeyToken=null" name="DontAllowMultiples" />
    </UnitTest>
    <UnitTest name="NoParameters" storage="foodietest\bin\release\foodietest.dll" id="64d07ee9-c2e5-32ac-944c-1c61c6de7e01">
      <TestCategory>
        <TestCategoryItem TestCategory="MealTaker_Output()" />
      </TestCategory>
      <Execution id="2d1f87a5-c1e2-467d-bf3d-0c1af5fc908b" />
      <TestMethod codeBase="C:/Users/Evan/Documents/Visual Studio 2013/Projects/FoodieApp/FoodieTest/bin/release/FoodieTest.DLL" adapterTypeName="Microsoft.VisualStudio.TestTools.TestTypes.Unit.UnitTestAdapter, Microsoft.VisualStudio.QualityTools.Tips.UnitTest.Adapter, Version=11.0.0.0, Culture=neutral, PublicKeyToken=b03f5f7f11d50a3a" className="FoodieTest.FoodieTest, FoodieTest, Version=1.0.0.0, Culture=neutral, PublicKeyToken=null" name="NoParameters" />
    </UnitTest>
  </TestDefinitions>
  <TestLists>
    <TestList name="Results Not in a List" id="8c84fa94-04c1-424b-9868-57a2d4851a1d" />
    <TestList name="All Loaded Results" id="19431567-8539-422a-85d7-44ee4e166bda" />
  </TestLists>
  <TestEntries>
    <TestEntry testId="ded6f284-4480-5b0d-834e-a4c504187dcd" executionId="64054b62-624e-49a9-af46-df0c42331f23" testListId="8c84fa94-04c1-424b-9868-57a2d4851a1d" />
    <TestEntry testId="fa328eab-a785-69ed-c583-0f459320e557" executionId="a58ac90d-59f1-42b7-b021-3f726703aaea" testListId="8c84fa94-04c1-424b-9868-57a2d4851a1d" />
    <TestEntry testId="683b50d9-4360-d413-97ae-79ed9f92d701" executionId="ae3a84a0-2116-466d-8d38-96d479a518a3" testListId="8c84fa94-04c1-424b-9868-57a2d4851a1d" />
    <TestEntry testId="d9152c5e-81be-9ff5-7786-edbac1150fbc" executionId="352c3e71-3f60-4fb1-8676-838c9af9720e" testListId="8c84fa94-04c1-424b-9868-57a2d4851a1d" />
    <TestEntry testId="99dc4097-16db-a526-9206-dc371500371c" executionId="15e1feb0-4e64-4a53-86ab-6c5a7e29b3c7" testListId="8c84fa94-04c1-424b-9868-57a2d4851a1d" />
    <TestEntry testId="4fb52530-8cba-0482-8130-24c143437b37" executionId="c3a85dcb-62d6-4546-9d75-9c731b80eaa3" testListId="8c84fa94-04c1-424b-9868-57a2d4851a1d" />
    <TestEntry testId="64d07ee9-c2e5-32ac-944c-1c61c6de7e01" executionId="2d1f87a5-c1e2-467d-bf3d-0c1af5fc908b" testListId="8c84fa94-04c1-424b-9868-57a2d4851a1d" />
    <TestEntry testId="15ac8d36-a20a-6ded-46b9-3b6e706a57b5" executionId="4f8d8ac6-eb0e-45a8-8e9d-4333b2746d17" testListId="8c84fa94-04c1-424b-9868-57a2d4851a1d" />
    <TestEntry testId="95d9e8cf-1bec-632c-42b8-6f01c17c572d" executionId="f9114d62-743a-4d3e-a544-28e9cc5fe82e" testListId="8c84fa94-04c1-424b-9868-57a2d4851a1d" />
  </TestEntries>
  <Results>
    <UnitTestResult executionId="64054b62-624e-49a9-af46-df0c42331f23" testId="ded6f284-4480-5b0d-834e-a4c504187dcd" testName="CorrectInput" computerName="EVAN" duration="00:00:00.0662074" startTime="2015-06-07T12:31:07.8845685-05:00" endTime="2015-06-07T12:31:08.4156182-05:00" testType="13cdc9d9-ddb5-4fa4-a97d-d965ccfc6d4b" outcome="Passed" testListId="8c84fa94-04c1-424b-9868-57a2d4851a1d" relativeResultsDirectory="64054b62-624e-49a9-af46-df0c42331f23">
    </UnitTestResult>
    <UnitTestResult executionId="a58ac90d-59f1-42b7-b021-3f726703aaea" testId="fa328eab-a785-69ed-c583-0f459320e557" testName="DishType_Error" computerName="EVAN" duration="00:00:00.0008480" startTime="2015-06-07T12:31:08.4635938-05:00" endTime="2015-06-07T12:31:08.4635938-05:00" testType="13cdc9d9-ddb5-4fa4-a97d-d965ccfc6d4b" outcome="Passed" testListId="8c84fa94-04c1-424b-9868-57a2d4851a1d" relativeResultsDirectory="a58ac90d-59f1-42b7-b021-3f726703aaea">
    </UnitTestResult>
    <UnitTestResult executionId="ae3a84a0-2116-466d-8d38-96d479a518a3" testId="683b50d9-4360-d413-97ae-79ed9f92d701" testName="DontAllowEmptyInputs" computerName="EVAN" duration="00:00:00.0024988" startTime="2015-06-07T12:31:08.4806117-05:00" endTime="2015-06-07T12:31:08.4806117-05:00" testType="13cdc9d9-ddb5-4fa4-a97d-d965ccfc6d4b" outcome="Passed" testListId="8c84fa94-04c1-424b-9868-57a2d4851a1d" relativeResultsDirectory="ae3a84a0-2116-466d-8d38-96d479a518a3">
    </UnitTestResult>
    <UnitTestResult executionId="352c3e71-3f60-4fb1-8676-838c9af9720e" testId="d9152c5e-81be-9ff5-7786-edbac1150fbc" testName="DontAllowMultiples" computerName="EVAN" duration="00:00:00.0018001" startTime="2015-06-07T12:31:08.4958920-05:00" endTime="2015-06-07T12:31:08.4958920-05:00" testType="13cdc9d9-ddb5-4fa4-a97d-d965ccfc6d4b" outcome="Passed" testListId="8c84fa94-04c1-424b-9868-57a2d4851a1d" relativeResultsDirectory="352c3e71-3f60-4fb1-8676-838c9af9720e">
    </UnitTestResult>
    <UnitTestResult executionId="15e1feb0-4e64-4a53-86ab-6c5a7e29b3c7" testId="99dc4097-16db-a526-9206-dc371500371c" testName="IncorrectType" computerName="EVAN" duration="00:00:00.0028067" startTime="2015-06-07T12:31:08.5115320-05:00" endTime="2015-06-07T12:31:08.5115320-05:00" testType="13cdc9d9-ddb5-4fa4-a97d-d965ccfc6d4b" outcome="Passed" testListId="8c84fa94-04c1-424b-9868-57a2d4851a1d" relativeResultsDirectory="15e1feb0-4e64-4a53-86ab-6c5a7e29b3c7">
    </UnitTestResult>
    <UnitTestResult executionId="c3a85dcb-62d6-4546-9d75-9c731b80eaa3" testId="4fb52530-8cba-0482-8130-24c143437b37" testName="IncorrectTypeOrder" computerName="EVAN" duration="00:00:00.0031402" startTime="2015-06-07T12:31:08.5267156-05:00" endTime="2015-06-07T12:31:08.5267156-05:00" testType="13cdc9d9-ddb5-4fa4-a97d-d965ccfc6d4b" outcome="Passed" testListId="8c84fa94-04c1-424b-9868-57a2d4851a1d" relativeResultsDirectory="c3a85dcb-62d6-4546-9d75-9c731b80eaa3">
    </UnitTestResult>
    <UnitTestResult executionId="2d1f87a5-c1e2-467d-bf3d-0c1af5fc908b" testId="64d07ee9-c2e5-32ac-944c-1c61c6de7e01" testName="NoParameters" computerName="EVAN" duration="00:00:00.0003987" startTime="2015-06-07T12:31:08.5563820-05:00" endTime="2015-06-07T12:31:08.5563820-05:00" testType="13cdc9d9-ddb5-4fa4-a97d-d965ccfc6d4b" outcome="Passed" testListId="8c84fa94-04c1-424b-9868-57a2d4851a1d" relativeResultsDirectory="2d1f87a5-c1e2-467d-bf3d-0c1af5fc908b">
    </UnitTestResult>
    <UnitTestResult executionId="4f8d8ac6-eb0e-45a8-8e9d-4333b2746d17" testId="15ac8d36-a20a-6ded-46b9-3b6e706a57b5" testName="TimeOFDay_Error" computerName="EVAN" duration="00:00:00.0090672" startTime="2015-06-07T12:31:08.5563820-05:00" endTime="2015-06-07T12:31:08.5738131-05:00" testType="13cdc9d9-ddb5-4fa4-a97d-d965ccfc6d4b" outcome="Passed" testListId="8c84fa94-04c1-424b-9868-57a2d4851a1d" relativeResultsDirectory="4f8d8ac6-eb0e-45a8-8e9d-4333b2746d17">
    </UnitTestResult>
    <UnitTestResult executionId="f9114d62-743a-4d3e-a544-28e9cc5fe82e" testId="95d9e8cf-1bec-632c-42b8-6f01c17c572d" testName="WithAllowMultiples" computerName="EVAN" duration="00:00:00.0030719" startTime="2015-06-07T12:31:08.5894915-05:00" endTime="2015-06-07T12:31:08.5894915-05:00" testType="13cdc9d9-ddb5-4fa4-a97d-d965ccfc6d4b" outcome="Passed" testListId="8c84fa94-04c1-424b-9868-57a2d4851a1d" relativeResultsDirectory="f9114d62-743a-4d3e-a544-28e9cc5fe82e">
    </UnitTestResult>
  </Results>
</TestRun>